[info] Log at : 2024/6/3|09:12:46|GMT+0800

[info] Log at : 2024/6/3|09:12:46|GMT+0800

[info] Log at : 2024/6/3|09:12:46|GMT+0800

[info] Log at : 2024/6/9|22:03:35|GMT+0800

[info] Log at : 2024/6/9|22:03:34|GMT+0800

[info] Log at : 2024/6/9|22:03:35|GMT+0800

[info] Log at : 2024/6/10|19:16:34|GMT+0800

[info] Log at : 2024/6/10|19:16:34|GMT+0800

[info] Log at : 2024/6/10|19:16:34|GMT+0800

[info] Log at : 2024/6/10|20:13:31|GMT+0800

[info] Log at : 2024/6/10|20:13:31|GMT+0800

[info] Log at : 2024/6/10|20:13:31|GMT+0800

[info] Log at : 2024/6/10|22:21:45|GMT+0800

[info] Log at : 2024/6/10|22:21:45|GMT+0800

[info] Log at : 2024/6/10|22:21:45|GMT+0800

[info] Log at : 2024/6/11|23:06:20|GMT+0800

[info] Log at : 2024/6/11|23:06:20|GMT+0800

[info] Log at : 2024/6/11|23:06:20|GMT+0800

[info] Log at : 2024/6/12|09:58:43|GMT+0800

[info] Log at : 2024/6/12|09:58:43|GMT+0800

[info] Log at : 2024/6/12|09:58:43|GMT+0800

[info] Log at : 2024/6/12|10:03:57|GMT+0800

[info] project closed: project
[info] Log at : 2024/6/12|10:09:01|GMT+0800

[info] project closed: project
[info] project closed: project
[info] project closed: project
[info] project closed: project
[info] Log at : 2024/6/12|10:13:53|GMT+0800

[info] Log at : 2024/6/12|10:16:22|GMT+0800

[info] Log at : 2024/6/12|10:16:22|GMT+0800

[info] Log at : 2024/6/12|10:16:22|GMT+0800

[info] Log at : 2024/6/12|10:16:22|GMT+0800

[info] Log at : 2024/6/12|22:11:56|GMT+0800

[info] project closed: project
[info] Log at : 2024/6/12|22:23:28|GMT+0800

[info] Log at : 2024/6/15|16:06:39|GMT+0800

[info] Log at : 2024/6/15|16:06:39|GMT+0800

[info] Log at : 2024/6/15|16:06:38|GMT+0800

[info] Log at : 2024/6/15|16:06:38|GMT+0800

[info] Log at : 2024/6/15|16:06:39|GMT+0800

[info] Log at : 2024/6/15|16:06:39|GMT+0800

[info] Log at : 2024/6/15|19:54:01|GMT+0800

[info] Log at : 2024/6/15|19:59:19|GMT+0800

[info] project closed: project
[info] Log at : 2024/6/15|20:03:57|GMT+0800

[info] Log at : 2024/6/15|20:04:33|GMT+0800

[info] Log at : 2024/6/15|21:00:09|GMT+0800

[info] Log at : 2024/6/15|21:00:09|GMT+0800

[info] Log at : 2024/6/15|21:00:09|GMT+0800

[info] Log at : 2024/6/15|21:00:09|GMT+0800

[info] Log at : 2024/6/15|21:00:09|GMT+0800

[info] Log at : 2024/6/15|21:00:09|GMT+0800

[info] Log at : 2024/6/15|21:00:09|GMT+0800

<<<<<<< HEAD
[info] Log at : 2024/6/16|18:17:49|GMT+0800

[info] Log at : 2024/6/16|18:17:49|GMT+0800

[info] Log at : 2024/6/16|18:17:49|GMT+0800

[info] Log at : 2024/6/16|18:17:49|GMT+0800

[info] Log at : 2024/6/16|18:17:49|GMT+0800

[info] Log at : 2024/6/16|18:17:49|GMT+0800

[info] Log at : 2024/6/16|18:17:49|GMT+0800

[info] Log at : 2024/6/16|18:17:49|GMT+0800
=======
[info] Log at : 2024/6/16|20:03:51|GMT+0800

[info] Log at : 2024/6/16|20:13:56|GMT+0800

[info] Log at : 2024/6/16|20:13:56|GMT+0800

[info] Log at : 2024/6/16|20:13:56|GMT+0800

[info] Log at : 2024/6/16|20:13:56|GMT+0800

[info] Log at : 2024/6/16|20:13:56|GMT+0800

[info] Log at : 2024/6/16|20:13:56|GMT+0800

[info] Log at : 2024/6/16|20:13:56|GMT+0800

[info] Log at : 2024/6/16|20:13:56|GMT+0800
>>>>>>> 2444c2c34dd4d42137d3d10ce594c30d5edfa9de

[info] Log at : 2024/6/24|10:41:16|GMT+0800

[info] Log at : 2024/6/24|10:41:16|GMT+0800

[info] Log at : 2024/6/24|10:41:16|GMT+0800

[info] Log at : 2024/6/24|10:41:16|GMT+0800

[info] Log at : 2024/6/24|10:41:16|GMT+0800

[info] Log at : 2024/6/24|10:41:16|GMT+0800

[info] Log at : 2024/6/24|10:41:17|GMT+0800

[info] Log at : 2024/6/24|10:41:16|GMT+0800

