*** Using Compiler 'V5.06 update 5 (build 528)', folder: 'C:\Keil_v5\ARM\ARMCC\Bin'
Build target 'Target 1'
assembling startup_stm32f10x_md.s...
compiling misc.c...
compiling stm32f10x_adc.c...
compiling stm32f10x_fsmc.c...
compiling stm32f10x_dac.c...
compiling system_stm32f10x.c...
compiling stm32f10x_bkp.c...
compiling stm32f10x_dbgmcu.c...
compiling core_cm3.c...
compiling stm32f10x_crc.c...
compiling stm32f10x_cec.c...
compiling stm32f10x_dma.c...
compiling stm32f10x_gpio.c...
compiling stm32f10x_exti.c...
compiling stm32f10x_can.c...
compiling stm32f10x_flash.c...
compiling stm32f10x_i2c.c...
compiling stm32f10x_rtc.c...
compiling stm32f10x_sdio.c...
compiling stm32f10x_spi.c...
compiling stm32f10x_iwdg.c...
compiling stm32f10x_pwr.c...
compiling stm32f10x_rcc.c...
compiling LED.c...
Hardware\LED.c(48): warning:  #1-D: last line of file ends without a newline
  }
Hardware\LED.c: 1 warning, 0 errors
compiling Delay.c...
compiling stm32f10x_usart.c...
compiling stm32f10x_wwdg.c...
compiling Timer.c...
compiling main.c...
.\System\Timer.h(4): warning:  #1295-D: Deprecated declaration TIM2_IRQHandler - give arg types
  void TIM2_IRQHandler();
.\System\Timer.h(7): warning:  #1-D: last line of file ends without a newline
  #endif
User\main.c: 2 warnings, 0 errors
compiling OLED.c...
compiling stm32f10x_tim.c...
compiling Key.c...
Hardware\Key.c(1): warning:  #14-D: extra text after expected end of preprocessing directive
  #include "stm32f10x.h"'
Hardware\Key.c(37): warning:  #1-D: last line of file ends without a newline
  }
Hardware\Key.c: 2 warnings, 0 errors
compiling stm32f10x_it.c...
linking...
Program Size: Code=2628 RO-data=1788 RW-data=4 ZI-data=1636  
".\project.axf" - 0 Error(s), 5 Warning(s).
Build Time Elapsed:  00:00:06
